---
  0 debug pnpm:scope: 
    selected: 1
    workspacePrefix: null
  1 info pnpm: 
    message: "A store server is running. All store manipulations are delegated to it."
    prefix: "/app"
  2 debug pnpm:package-json: 
    initial: 
      name: "BOT"
      description: "A simple Discord bot written in discord.js."
      main: "index.js"
      scripts: 
        start: "node index.js"
      dependencies: 
        @discordjs/uws: "^11.149.1"
        anime-scraper: "^3.0.0"
        bufferutil: "^4.0.0"
        canvas: "github:Automattic/node-canvas"
        canvas-constructor: "^3.1.0"
        cards: "^1.0.1"
        cleverbot.io: "^1.0.4"
        common-tags: "^1.8.0"
        cpu-stat: "^2.0.1"
        discord.js: "^12.5.1"
        discordeco.js: "^0.5.0"
        express: "^4.16.4"
        fs: "0.0.1-security"
        moment: "^2.22.2"
        myanimelist: "^0.1.0"
        myanimelists: "^1.0.1"
        node-superfetch: "^0.1.9"
        parse-ms: "^2.0.0"
        quick.db: "^7.0.0-b16"
        random-js: "^2.1.0"
      engines: 
        node: "12.x"
      readme: "# Tokisaki\n\nA Discord economy bot using JSON for database so..  its so easy to corrupt because of that i archive this bot and officially open source under MIT LICENSE \n[![Run on Repl.it](https://repl.it/badge/github/SharifPoetra/tokisaki)](https://repl.it/github/SharifPoetra/tokisaki)"
      readmeFilename: "README.md"
      gitHead: "c84b7b71d1da9154229f90efe2b9c0d8704f72e2"
      version: ""
      _id: "BOT@"
    prefix: "/app"
  3 debug pnpm:stage: 
    prefix: "/app"
    stage: "resolution_started"
  4 debug pnpm:progress: 
    packageId: "registry.npmjs.org/anime-scraper/3.1.3"
    requester: "/app"
    status: "resolved"
  5 debug pnpm:progress: 
    packageId: "registry.npmjs.org/canvas-constructor/3.2.0"
    requester: "/app"
    status: "resolved"
  6 debug pnpm:progress: 
    packageId: "registry.npmjs.org/cards/1.1.0"
    requester: "/app"
    status: "resolved"
  7 debug pnpm:progress: 
    packageId: "registry.npmjs.org/cleverbot.io/1.0.4"
    requester: "/app"
    status: "resolved"
  8 debug pnpm:progress: 
    packageId: "registry.npmjs.org/common-tags/1.8.0"
    requester: "/app"
    status: "resolved"
  9 debug pnpm:progress: 
    packageId: "registry.npmjs.org/cpu-stat/2.0.1"
    requester: "/app"
    status: "resolved"
  10 debug pnpm:progress: 
    packageId: "registry.npmjs.org/discord.js/12.5.3"
    requester: "/app"
    status: "resolved"
  11 debug pnpm:progress: 
    packageId: "registry.npmjs.org/express/4.17.1"
    requester: "/app"
    status: "resolved"
  12 debug pnpm:progress: 
    packageId: "registry.npmjs.org/@discordjs/uws/11.149.1"
    requester: "/app"
    status: "resolved"
  13 debug pnpm:progress: 
    packageId: "registry.npmjs.org/moment/2.29.1"
    requester: "/app"
    status: "resolved"
  14 debug pnpm:progress: 
    packageId: "registry.npmjs.org/myanimelist/0.1.0"
    requester: "/app"
    status: "resolved"
  15 debug pnpm:progress: 
    packageId: "registry.npmjs.org/myanimelists/1.0.2"
    requester: "/app"
    status: "resolved"
  16 debug pnpm:progress: 
    packageId: "registry.npmjs.org/node-superfetch/0.1.11"
    requester: "/app"
    status: "resolved"
  17 debug pnpm:progress: 
    packageId: "registry.npmjs.org/parse-ms/2.1.0"
    requester: "/app"
    status: "resolved"
  18 debug pnpm:progress: 
    packageId: "registry.npmjs.org/quick.db/7.1.3"
    requester: "/app"
    status: "resolved"
  19 debug pnpm:progress: 
    packageId: "registry.npmjs.org/random-js/2.1.0"
    requester: "/app"
    status: "resolved"
  20 debug pnpm:progress: 
    packageId: "registry.npmjs.org/bufferutil/4.0.3"
    requester: "/app"
    status: "resolved"
  21 debug pnpm:progress: 
    packageId: "registry.npmjs.org/fs/0.0.1-security"
    requester: "/app"
    status: "resolved"
  22 error pnpm: "Cannot read property 'latest' of undefined"
